# JRE version: OpenJDK Runtime Environment 18.9 (11.0.14+9) (build 11.0.14+9)
# Java VM: OpenJDK 64-Bit Server VM 18.9 (11.0.14+9, mixed mode, sharing, tiered, compressed oops, g1 gc, linux-amd64)
Heap:
 garbage-first heap   total 262144K, used 92261K [0x00000000e0000000, 0x0000000100000000)
  region size 1024K, 14 young (14336K), 6 survivors (6144K)
 Metaspace       used 139178K, capacity 143344K, committed 144072K, reserved 380928K
  class space    used 16301K, capacity 17830K, committed 18200K, reserved 253952K
GC Heap History (20 events):
Event: 67686,887 GC heap before
{Heap before GC invocations=185 (full 4):
 garbage-first heap   total 262144K, used 220547K [0x00000000e0000000, 0x0000000100000000)
  region size 1024K, 138 young (141312K), 5 survivors (5120K)
 Metaspace       used 138585K, capacity 142590K, committed 144072K, reserved 380928K
  class space    used 16234K, capacity 17711K, committed 18200K, reserved 253952K
}
Event: 67686,895 GC heap after
{Heap after GC invocations=186 (full 4):
 garbage-first heap   total 262144K, used 86299K [0x00000000e0000000, 0x0000000100000000)
  region size 1024K, 6 young (6144K), 6 survivors (6144K)
 Metaspace       used 138585K, capacity 142590K, committed 144072K, reserved 380928K
  class space    used 16234K, capacity 17711K, committed 18200K, reserved 253952K
}
Event: 67888,578 GC heap before
{Heap before GC invocations=186 (full 4):
 garbage-first heap   total 262144K, used 218395K [0x00000000e0000000, 0x0000000100000000)
  region size 1024K, 136 young (139264K), 6 survivors (6144K)
 Metaspace       used 139053K, capacity 143246K, committed 144072K, reserved 380928K
  class space    used 16305K, capacity 17844K, committed 18200K, reserved 253952K
}
Event: 67888,591 GC heap after
{Heap after GC invocations=187 (full 4):
 garbage-first heap   total 262144K, used 88251K [0x00000000e0000000, 0x0000000100000000)
  region size 1024K, 8 young (8192K), 8 survivors (8192K)
 Metaspace       used 139053K, capacity 143246K, committed 144072K, reserved 380928K
  class space    used 16305K, capacity 17844K, committed 18200K, reserved 253952K
}
Event: 68200,104 GC heap before
{Heap before GC invocations=188 (full 4):
 garbage-first heap   total 262144K, used 216251K [0x00000000e0000000, 0x0000000100000000)
  region size 1024K, 136 young (139264K), 8 survivors (8192K)
 Metaspace       used 139089K, capacity 143242K, committed 144072K, reserved 380928K
  class space    used 16306K, capacity 17843K, committed 18200K, reserved 253952K
}
Event: 68200,124 GC heap after
{Heap after GC invocations=189 (full 4):
 garbage-first heap   total 262144K, used 86010K [0x00000000e0000000, 0x0000000100000000)
  region size 1024K, 7 young (7168K), 7 survivors (7168K)
 Metaspace       used 139089K, capacity 143242K, committed 144072K, reserved 380928K
  class space    used 16306K, capacity 17843K, committed 18200K, reserved 253952K
}
Event: 68869,714 GC heap before
{Heap before GC invocations=189 (full 4):
 garbage-first heap   total 262144K, used 219130K [0x00000000e0000000, 0x0000000100000000)
  region size 1024K, 138 young (141312K), 7 survivors (7168K)
 Metaspace       used 139099K, capacity 143306K, committed 144072K, reserved 380928K
  class space    used 16306K, capacity 17843K, committed 18200K, reserved 253952K
}
Event: 68869,722 GC heap after
{Heap after GC invocations=190 (full 4):
 garbage-first heap   total 262144K, used 85812K [0x00000000e0000000, 0x0000000100000000)
  region size 1024K, 7 young (7168K), 7 survivors (7168K)
 Metaspace       used 139099K, capacity 143306K, committed 144072K, reserved 380928K
  class space    used 16306K, capacity 17843K, committed 18200K, reserved 253952K
}
Event: 69003,608 GC heap before
{Heap before GC invocations=191 (full 4):
 garbage-first heap   total 262144K, used 218932K [0x00000000e0000000, 0x0000000100000000)
  region size 1024K, 138 young (141312K), 7 survivors (7168K)
 Metaspace       used 139107K, capacity 143314K, committed 144072K, reserved 380928K
  class space    used 16309K, capacity 17849K, committed 18200K, reserved 253952K
}
Event: 69003,614 GC heap after
{Heap after GC invocations=192 (full 4):
 garbage-first heap   total 262144K, used 84804K [0x00000000e0000000, 0x0000000100000000)
  region size 1024K, 6 young (6144K), 6 survivors (6144K)
 Metaspace       used 139107K, capacity 143314K, committed 144072K, reserved 380928K
  class space    used 16309K, capacity 17849K, committed 18200K, reserved 253952K
}
Event: 69313,419 GC heap before
{Heap before GC invocations=192 (full 4):
 garbage-first heap   total 262144K, used 219972K [0x00000000e0000000, 0x0000000100000000)
  region size 1024K, 139 young (142336K), 6 survivors (6144K)
 Metaspace       used 139119K, capacity 143314K, committed 144072K, reserved 380928K
  class space    used 16309K, capacity 17849K, committed 18200K, reserved 253952K
}
Event: 69313,428 GC heap after
{Heap after GC invocations=193 (full 4):
 garbage-first heap   total 262144K, used 86820K [0x00000000e0000000, 0x0000000100000000)
  region size 1024K, 8 young (8192K), 8 survivors (8192K)
 Metaspace       used 139119K, capacity 143314K, committed 144072K, reserved 380928K
  class space    used 16309K, capacity 17849K, committed 18200K, reserved 253952K
}
Event: 69886,709 GC heap before
{Heap before GC invocations=194 (full 4):
 garbage-first heap   total 262144K, used 219940K [0x00000000e0000000, 0x0000000100000000)
  region size 1024K, 139 young (142336K), 8 survivors (8192K)
 Metaspace       used 139099K, capacity 143251K, committed 144072K, reserved 380928K
  class space    used 16297K, capacity 17825K, committed 18200K, reserved 253952K
}
Event: 69886,716 GC heap after
{Heap after GC invocations=195 (full 4):
 garbage-first heap   total 262144K, used 85633K [0x00000000e0000000, 0x0000000100000000)
  region size 1024K, 6 young (6144K), 6 survivors (6144K)
 Metaspace       used 139099K, capacity 143251K, committed 144072K, reserved 380928K
  class space    used 16297K, capacity 17825K, committed 18200K, reserved 253952K
}
Event: 70385,243 GC heap before
{Heap before GC invocations=195 (full 4):
 garbage-first heap   total 262144K, used 221825K [0x00000000e0000000, 0x0000000100000000)
  region size 1024K, 140 young (143360K), 6 survivors (6144K)
 Metaspace       used 139147K, capacity 143351K, committed 144072K, reserved 380928K
  class space    used 16302K, capacity 17834K, committed 18200K, reserved 253952K
}
Event: 70385,253 GC heap after
{Heap after GC invocations=196 (full 4):
 garbage-first heap   total 262144K, used 84707K [0x00000000e0000000, 0x0000000100000000)
  region size 1024K, 5 young (5120K), 5 survivors (5120K)
 Metaspace       used 139147K, capacity 143351K, committed 144072K, reserved 380928K
  class space    used 16302K, capacity 17834K, committed 18200K, reserved 253952K
}
Event: 71055,921 GC heap before
{Heap before GC invocations=197 (full 4):
 garbage-first heap   total 262144K, used 221923K [0x00000000e0000000, 0x0000000100000000)
  region size 1024K, 140 young (143360K), 5 survivors (5120K)
 Metaspace       used 139127K, capacity 143303K, committed 144072K, reserved 380928K
  class space    used 16294K, capacity 17819K, committed 18200K, reserved 253952K
}
Event: 71055,945 GC heap after
{Heap after GC invocations=198 (full 4):
 garbage-first heap   total 262144K, used 86629K [0x00000000e0000000, 0x0000000100000000)
  region size 1024K, 7 young (7168K), 7 survivors (7168K)
 Metaspace       used 139127K, capacity 143303K, committed 144072K, reserved 380928K
  class space    used 16294K, capacity 17819K, committed 18200K, reserved 253952K
}
Event: 72410,925 GC heap before
{Heap before GC invocations=198 (full 4):
 garbage-first heap   total 262144K, used 222821K [0x00000000e0000000, 0x0000000100000000)
  region size 1024K, 141 young (144384K), 7 survivors (7168K)
 Metaspace       used 139176K, capacity 143344K, committed 144072K, reserved 380928K
  class space    used 16301K, capacity 17830K, committed 18200K, reserved 253952K
}
Event: 72411,010 GC heap after
{Heap after GC invocations=199 (full 4):
 garbage-first heap   total 262144K, used 85093K [0x00000000e0000000, 0x0000000100000000)
  region size 1024K, 6 young (6144K), 6 survivors (6144K)
 Metaspace       used 139176K, capacity 143344K, committed 144072K, reserved 380928K
  class space    used 16301K, capacity 17830K, committed 18200K, reserved 253952K
}

